<?xml version="1.0" encoding="UTF-8"?>
<!-- Generated by org.testng.reporters.JUnitXMLReporter -->
<testsuite ignored="0" hostname="DESKTOP-T87N213" failures="1" tests="1" name="Default test" time="25.923" errors="0" timestamp="2023-12-31T09:53:05 EST">
  <testcase classname="io.cucumber.testng.AbstractTestNGCucumberTests" name="runScenario" time="23.712">
    <failure type="java.lang.AssertionError" message="expected [false] but found [true]">
      <![CDATA[java.lang.AssertionError: expected [false] but found [true]
at org.testng.Assert.fail(Assert.java:111)
at org.testng.Assert.failNotEquals(Assert.java:1578)
at org.testng.Assert.assertFalse(Assert.java:79)
at org.testng.Assert.assertFalse(Assert.java:89)
at pageObjects.FlightBookingpage.flightDetailsPageDisplay(FlightBookingpage.java:123)
at stepDefinition.FlightBookingstepDefinition.all_the_flights_matching_the_search_criteria_should_be_shown(FlightBookingstepDefinition.java:70)
at ✽.All the flights matching the Search Criteria should be shown(file:///C:/Users/USER/eclipse-workspace/SeleniumAutomation/src/test/java/features/flightBooking.feature:9)
]]>
    </failure>
  </testcase> <!-- runScenario -->
</testsuite> <!-- Default test -->
