<?xml version="1.0" encoding="UTF-8"?>
<testng-results ignored="0" total="1" passed="1" failed="0" skipped="0">
  <reporter-output>
  </reporter-output>
  <suite started-at="2023-12-22T19:15:07 EST" name="Default suite" finished-at="2023-12-22T19:15:50 EST" duration-ms="42699">
    <groups>
      <group name="cucumber">
        <method signature="AbstractTestNGCucumberTests.runScenario(io.cucumber.testng.PickleWrapper,io.cucumber.testng.FeatureWrapper)[pri:0, instance:cucumberOptions.TestNGTestRunner@3f4faf53]" name="runScenario" class="io.cucumber.testng.AbstractTestNGCucumberTests"/>
      </group> <!-- cucumber -->
    </groups>
    <test started-at="2023-12-22T19:15:07 EST" name="Default test" finished-at="2023-12-22T19:15:50 EST" duration-ms="42699">
      <class name="cucumberOptions.TestNGTestRunner">
        <test-method is-config="true" signature="setUpClass(org.testng.ITestContext)[pri:0, instance:cucumberOptions.TestNGTestRunner@3f4faf53]" started-at="2023-12-22T19:15:07 EST" name="setUpClass" finished-at="2023-12-22T19:15:10 EST" duration-ms="2536" status="PASS">
          <params>
            <param index="0">
              <value>
                <![CDATA[org.testng.TestRunner@285f38f6]]>
              </value>
            </param>
          </params>
          <reporter-output>
          </reporter-output>
        </test-method> <!-- setUpClass -->
        <test-method signature="runScenario(io.cucumber.testng.PickleWrapper,io.cucumber.testng.FeatureWrapper)[pri:0, instance:cucumberOptions.TestNGTestRunner@3f4faf53]" started-at="2023-12-22T19:15:10 EST" name="runScenario" description="Runs Cucumber Scenarios" data-provider="scenarios" finished-at="2023-12-22T19:15:49 EST" duration-ms="39396" status="PASS">
          <params>
            <param index="0">
              <value>
                <![CDATA["Search for flights with the given search criteria"]]>
              </value>
            </param>
            <param index="1">
              <value>
                <![CDATA["Flight Booking on the Test Website "www.phptravels.net""]]>
              </value>
            </param>
          </params>
          <reporter-output>
          </reporter-output>
        </test-method> <!-- runScenario -->
        <test-method is-config="true" signature="tearDownClass()[pri:0, instance:cucumberOptions.TestNGTestRunner@3f4faf53]" started-at="2023-12-22T19:15:49 EST" name="tearDownClass" finished-at="2023-12-22T19:15:50 EST" duration-ms="661" status="PASS">
          <reporter-output>
          </reporter-output>
        </test-method> <!-- tearDownClass -->
      </class> <!-- cucumberOptions.TestNGTestRunner -->
    </test> <!-- Default test -->
  </suite> <!-- Default suite -->
</testng-results>
