<?xml version="1.0" encoding="UTF-8"?>
<!-- Generated by org.testng.reporters.JUnitReportReporter -->
<testsuite hostname="DESKTOP-T87N213" failures="0" tests="1" name="cucumberOptions.TestNGTestRunner" time="28.965" errors="1" timestamp="2023-12-21T19:34:40 EST" skipped="0">
  <testcase classname="cucumberOptions.TestNGTestRunner" name="runScenario" time="28.965">
    <error message="Index 1 out of bounds for length 1" type="java.lang.IndexOutOfBoundsException">
      <![CDATA[java.lang.IndexOutOfBoundsException: Index 1 out of bounds for length 1
at java.base/jdk.internal.util.Preconditions.outOfBounds(Preconditions.java:64)
at java.base/jdk.internal.util.Preconditions.outOfBoundsCheckIndex(Preconditions.java:70)
at java.base/jdk.internal.util.Preconditions.checkIndex(Preconditions.java:266)
at java.base/java.util.Objects.checkIndex(Objects.java:361)
at java.base/java.util.ArrayList.get(ArrayList.java:427)
at pageObjects.FlightBookingpage.enterTravelDate(FlightBookingpage.java:104)
at stepDefinition.FlightBookingstepDefinition.i_enter_the_toronto_and_bangalore_with_departure_date_depart_date(FlightBookingstepDefinition.java:52)
at ✽.I enter the BLR and PNQ with Departure Date 30/12(file:///C:/Users/USER/eclipse-workspace/SeleniumAutomation/src/test/java/features/flightBooking.feature:7)
]]>
    </error>
  </testcase> <!-- runScenario -->
</testsuite> <!-- cucumberOptions.TestNGTestRunner -->
